
ROM used:   87/4096 (2%)
            87/4096 (2%) including unused fragments

            0.1 Average locations per line
            5.8 Average locations per statement

RAM used:   8/383 (2%) at main() level
            19/383 (5%) worst case

Stack used: 1 worst case (0 in main + 1 for interrupts)
Stack size: 16

Lines Stmts  %   Files
----- ----- ---  -----
   45    15 100  Señal cuadrada por Timer0.c
    5     0   0  Señal cuadrada por Timer0.h
  965     0   0  ..\..\..\..\..\..\..\..\Program Files (x86)\PICC\Devices\16F1827.h
----- -----
 1015    15 Total

Page ROM  %  RAM    Vol Diff  Functions:
---- --- --- ---    --- ----  ----------
0     16  18    0     38  1.2  main
0     14  16    0     98  1.7  INIT_TIMER0
0     11  13    0     37  1.1  timer0_isr
0     17  20    0     67  1.2  INIT_GPIO
 Inline         0             @cinit1

Program metrics:
    Functions               4
    Statements              15
    Comments                165
    Volume (V)              367
    Difficulty (D)          5.3
    Effort to implement (E) 1926
    Time to implement (T)   2 minutes
    Est Delivered Bugs (B)  0
    Cyclomatic Complexity   1
    Maintainability (MI)    101

 Segment     Used  Free
-----------  ----  ----
00000-00002     3  0  
00003-00003     0  1  
00004-0001D    26  0  
0001E-007FF    58  1960  
00800-00FFF     0  2048  



